Reqest has triggered at URL : "/api/v1/products"	 
    Timestamp : "Sun May 19 2024 01:31:11 GMT+0530 (India Standard Time)"	
    Method : "GET"	
    IP_Address : "::1 (This ip is expected because as we are using local server and not yet deploy on any server and not yet used remote ip addess)"
Request is being processed at URL"/api/v1/products"
Response has sent to client : Timestamp : Sun May 19 2024 01:31:11 GMT+0530 (India Standard Time)

Reqest has triggered at URL : "/api/v1/products"	 
    Timestamp : "Sun May 19 2024 01:31:14 GMT+0530 (India Standard Time)"	
    Method : "GET"	
    IP_Address : "::1 (This ip is expected because as we are using local server and not yet deploy on any server and not yet used remote ip addess)"
Request is being processed at URL"/api/v1/products"
Response has sent to client : Timestamp : Sun May 19 2024 01:31:14 GMT+0530 (India Standard Time)

Reqest has triggered at URL : "/api/v1/products"	 
    Timestamp : "Sun May 19 2024 01:31:15 GMT+0530 (India Standard Time)"	
    Method : "GET"	
    IP_Address : "::1 (This ip is expected because as we are using local server and not yet deploy on any server and not yet used remote ip addess)"
Request is being processed at URL"/api/v1/products"
Response has sent to client : Timestamp : Sun May 19 2024 01:31:15 GMT+0530 (India Standard Time)

Reqest has triggered at URL : "/api/v1/products"	 
    Timestamp : "Sun May 19 2024 01:31:16 GMT+0530 (India Standard Time)"	
    Method : "GET"	
    IP_Address : "::1 (This ip is expected because as we are using local server and not yet deploy on any server and not yet used remote ip addess)"
Request is being processed at URL"/api/v1/products"
Response has sent to client : Timestamp : Sun May 19 2024 01:31:16 GMT+0530 (India Standard Time)

